AndroidApp/roscameratestapp/build/outputs/logs/manifest-merger-debug-report.txt
-- Merging decision tree log ---
manifest
ADDED from src\main\AndroidManifest.xml:2:1-38:12
	package
		ADDED from src\main\AndroidManifest.xml:3:5-43
		INJECTED from src\main\AndroidManifest.xml
		INJECTED from src\main\AndroidManifest.xml
	android:versionName
		ADDED from src\main\AndroidManifest.xml:5:5-30
		INJECTED from src\main\AndroidManifest.xml
		INJECTED from src\main\AndroidManifest.xml
	android:versionCode
		ADDED from src\main\AndroidManifest.xml:4:5-28
		INJECTED from src\main\AndroidManifest.xml
		INJECTED from src\main\AndroidManifest.xml
	xmlns:android
		ADDED from src\main\AndroidManifest.xml:2:11-69
uses-sdk
ADDED from src\main\AndroidManifest.xml:7:5-44
MERGED from [org.ros.android_core:android_15:0.3.3] AndroidManifest.xml:8:5-10:41
MERGED from [org.ros.android_core:android_10:0.3.3] AndroidManifest.xml:8:5-10:41
MERGED from [com.android.support:appcompat-v7:25.1.0] AndroidManifest.xml:21:5-23:78
MERGED from [com.android.support:support-v4:25.1.0] AndroidManifest.xml:21:5-23:54
MERGED from [com.android.support:support-fragment:25.1.0] AndroidManifest.xml:21:5-23:60
MERGED from [com.android.support:support-media-compat:25.1.0] AndroidManifest.xml:21:5-23:63
MERGED from [com.android.support:support-core-ui:25.1.0] AndroidManifest.xml:21:5-23:58
MERGED from [com.android.support:support-core-utils:25.1.0] AndroidManifest.xml:21:5-23:61
MERGED from [com.android.support:animated-vector-drawable:25.1.0] AndroidManifest.xml:20:5-44
MERGED from [com.android.support:support-vector-drawable:25.1.0] AndroidManifest.xml:21:5-43
MERGED from [com.android.support:support-compat:25.1.0] AndroidManifest.xml:21:5-23:58
	tools:overrideLibrary
		ADDED from [com.android.support:appcompat-v7:25.1.0] AndroidManifest.xml:23:9-75
	android:targetSdkVersion
		INJECTED from src\main\AndroidManifest.xml
		INJECTED from src\main\AndroidManifest.xml
	android:minSdkVersion
		ADDED from src\main\AndroidManifest.xml:7:15-41
		INJECTED from src\main\AndroidManifest.xml
		INJECTED from src\main\AndroidManifest.xml
uses-permission#android.permission.ACCESS_WIFI_STATE
ADDED from src\main\AndroidManifest.xml:9:5-76
MERGED from [org.ros.android_core:android_10:0.3.3] AndroidManifest.xml:13:5-76
	android:name
		ADDED from src\main\AndroidManifest.xml:9:22-73
uses-permission#android.permission.CAMERA
ADDED from src\main\AndroidManifest.xml:10:5-65
	android:name
		ADDED from src\main\AndroidManifest.xml:10:22-62
uses-permission#android.permission.CHANGE_WIFI_STATE
ADDED from src\main\AndroidManifest.xml:11:5-76
MERGED from [org.ros.android_core:android_10:0.3.3] AndroidManifest.xml:14:5-76
	android:name
		ADDED from src\main\AndroidManifest.xml:11:22-73
uses-permission#android.permission.INTERNET
ADDED from src\main\AndroidManifest.xml:12:5-67
	android:name
		ADDED from src\main\AndroidManifest.xml:12:22-64
uses-permission#android.permission.WAKE_LOCK
ADDED from src\main\AndroidManifest.xml:13:5-68
MERGED from [org.ros.android_core:android_10:0.3.3] AndroidManifest.xml:15:5-68
	android:name
		ADDED from src\main\AndroidManifest.xml:13:22-65
uses-permission#android.permission.WRITE_EXTERNAL_STORAGE
ADDED from src\main\AndroidManifest.xml:14:5-81
MERGED from [org.ros.android_core:android_10:0.3.3] AndroidManifest.xml:12:5-81
	android:name
		ADDED from src\main\AndroidManifest.xml:14:22-78
application
ADDED from src\main\AndroidManifest.xml:16:5-36:19
MERGED from [org.ros.android_core:android_10:0.3.3] AndroidManifest.xml:18:5-34:19
MERGED from [com.android.support:appcompat-v7:25.1.0] AndroidManifest.xml:25:5-20
MERGED from [com.android.support:support-v4:25.1.0] AndroidManifest.xml:25:5-20
MERGED from [com.android.support:support-fragment:25.1.0] AndroidManifest.xml:25:5-20
MERGED from [com.android.support:support-media-compat:25.1.0] AndroidManifest.xml:25:5-20
MERGED from [com.android.support:support-core-ui:25.1.0] AndroidManifest.xml:25:5-20
MERGED from [com.android.support:support-core-utils:25.1.0] AndroidManifest.xml:25:5-20
MERGED from [com.android.support:animated-vector-drawable:25.1.0] AndroidManifest.xml:22:5-20
MERGED from [com.android.support:support-vector-drawable:25.1.0] AndroidManifest.xml:23:5-20
MERGED from [com.android.support:support-compat:25.1.0] AndroidManifest.xml:25:5-20
	android:label
		ADDED from src\main\AndroidManifest.xml:17:9-41
	android:icon
		ADDED from [org.ros.android_core:android_10:0.3.3] AndroidManifest.xml:19:9-36
activity#com.example.roscameratestapp.MainActivity
ADDED from src\main\AndroidManifest.xml:18:9-28:20
	android:screenOrientation
		ADDED from src\main\AndroidManifest.xml:22:13-50
	android:label
		ADDED from src\main\AndroidManifest.xml:21:13-45
	android:configChanges
		ADDED from src\main\AndroidManifest.xml:20:13-63
	android:name
		ADDED from src\main\AndroidManifest.xml:19:13-69
intent-filter#android.intent.action.MAIN+android.intent.category.LAUNCHER
ADDED from src\main\AndroidManifest.xml:23:13-27:29
action#android.intent.action.MAIN
ADDED from src\main\AndroidManifest.xml:24:17-69
	android:name
		ADDED from src\main\AndroidManifest.xml:24:25-66
category#android.intent.category.LAUNCHER
ADDED from src\main\AndroidManifest.xml:26:17-77
	android:name
		ADDED from src\main\AndroidManifest.xml:26:27-74
activity#org.ros.android.MasterChooser
ADDED from src\main\AndroidManifest.xml:29:9-66
MERGED from [org.ros.android_core:android_10:0.3.3] AndroidManifest.xml:21:9-25:54
	android:label
		ADDED from [org.ros.android_core:android_10:0.3.3] AndroidManifest.xml:23:13-45
	android:launchMode
		ADDED from [org.ros.android_core:android_10:0.3.3] AndroidManifest.xml:24:13-42
	android:theme
		ADDED from [org.ros.android_core:android_10:0.3.3] AndroidManifest.xml:25:13-51
	android:name
		ADDED from src\main\AndroidManifest.xml:29:19-63
service#org.ros.android.NodeMainExecutorService
ADDED from src\main\AndroidManifest.xml:31:9-35:19
MERGED from [org.ros.android_core:android_10:0.3.3] AndroidManifest.xml:27:9-33:19
	tools:ignore
		ADDED from [org.ros.android_core:android_10:0.3.3] AndroidManifest.xml:29:13-43
	android:name
		ADDED from src\main\AndroidManifest.xml:31:18-72
intent-filter#org.ros.android.NodeMainExecutorService
ADDED from src\main\AndroidManifest.xml:32:13-34:29
action#org.ros.android.NodeMainExecutorService
ADDED from src\main\AndroidManifest.xml:33:17-82
	android:name
		ADDED from src\main\AndroidManifest.xml:33:25-79
uses-permission#android.permission.SYSTEM_ALERT_WINDOW
ADDED from [org.ros.android_core:android_10:0.3.3] AndroidManifest.xml:16:5-78
	android:name
		ADDED from [org.ros.android_core:android_10:0.3.3] AndroidManifest.xml:16:22-75
uses-permission#android.permission.READ_EXTERNAL_STORAGE
IMPLIED from src\main\AndroidManifest.xml:2:1-38:12 reason: org.ros.android.android_10 requested WRITE_EXTERNAL_STORAGE